   1: Player 1 launched 78 (left 27) ships from planet 2 to planet 22
   1: Player 2 launched 78 (left 27) ships from planet 3 to planet 6
   6: Player 2 now owns planet 6
   7: Player 2 launched 57 (left 19) ships from planet 6 to planet 7
  11: Player 1 now owns planet 22
  12: Player 1 launched 38 (left 13) ships from planet 22 to planet 19
  17: Player 2 now owns planet 7
  17: Player 1 now owns planet 19
  18: Player 1 launched 9 (left 4) ships from planet 19 to planet 9
  18: Player 2 launched 84 (left 28) ships from planet 3 to planet 19
  31: Player 1 launched 132 (left 45) ships from planet 2 to planet 8
  31: Player 2 now owns planet 19
  32: Player 2 launched 73 (left 25) ships from planet 3 to planet 9
  33: Player 1 now owns planet 8
  34: Player 1 launched 75 (left 26) ships from planet 22 to planet 23
  34: Player 2 now owns planet 9
  35: Player 2 launched 66 (left 23) ships from planet 7 to planet 18
  42: Player 2 now owns planet 18
  43: Player 2 launched 68 (left 23) ships from planet 6 to planet 22
  47: Player 1 now owns planet 23
  48: Player 1 launched 61 (left 21) ships from planet 22 to planet 13
  52: Player 2 now owns planet 22
  53: Player 2 launched 97 (left 33) ships from planet 3 to planet 23
  63: Player 1 defended planet 23
  64: Player 2 launched 127 (left 43) ships from planet 19 to planet 14
  68: Player 1 now owns planet 13
  69: Player 1 launched 19 (left 7) ships from planet 13 to planet 6
  77: Player 2 now owns planet 14
  78: Player 2 launched 162 (left 54) ships from planet 18 to planet 15
  80: Player 2 defended planet 6
  81: Player 1 launched 14 (left 5) ships from planet 13 to planet 16
  90: Player 1 launched 255 (left 85) ships from planet 2 to planet 18
  91: Player 2 now owns planet 15
  92: Player 2 launched 171 (left 57) ships from planet 3 to planet 16
 103: Player 1 now owns planet 18
 104: Player 1 launched 128 (left 43) ships from planet 8 to planet 11
 104: Player 2 now owns planet 16
 105: Player 2 launched 186 (left 62) ships from planet 19 to planet 17
 110: Player 1 now owns planet 11
 111: Player 1 launched 37 (left 13) ships from planet 8 to planet 9
 112: Player 2 now owns planet 17
 113: Player 2 launched 200 (left 67) ships from planet 22 to planet 8
 124: Player 2 now owns planet 8
 125: Player 2 launched 215 (left 72) ships from planet 14 to planet 12
 131: Player 2 defended planet 9
 132: Player 1 launched 221 (left 74) ships from planet 2 to planet 19
 140: Player 2 defended planet 19
 141: Player 1 launched 60 (left 21) ships from planet 11 to planet 7
 144: Player 2 defended planet 7
 145: Player 1 launched 51 (left 18) ships from planet 13 to planet 8
 148: Player 2 now owns planet 12
 149: Player 2 launched 271 (left 91) ships from planet 15 to planet 11
 163: Player 2 now owns planet 11
 164: Player 2 launched 312 (left 105) ships from planet 3 to planet 13
 166: Player 2 defended planet 8
 167: Player 1 launched 289 (left 97) ships from planet 18 to planet 5
 174: Player 2 now owns planet 13
 175: Player 2 launched 236 (left 79) ships from planet 22 to planet 20
 179: Player 1 now owns planet 5
 180: Player 1 launched 359 (left 120) ships from planet 23 to planet 22
 192: Player 2 now owns planet 20
 193: Player 2 launched 258 (left 86) ships from planet 14 to planet 21
 193: Player 1 now owns planet 22
 194: Player 1 launched 132 (left 44) ships from planet 23 to planet 17
 209: Player 2 defended planet 17
 210: Player 1 launched 81 (left 27) ships from planet 23 to planet 4
 213: Player 2 now owns planet 21
 214: Player 2 launched 289 (left 97) ships from planet 19 to planet 23
 217: Player 1 launched 222 (left 74) ships from planet 22 to planet 8
 223: Player 2 now owns planet 23
 224: Player 2 launched 303 (left 102) ships from planet 3 to planet 4
 228: Player 2 defended planet 8
 229: Player 1 launched 190 (left 64) ships from planet 5 to planet 10
 240: Player 2 now owns planet 4
 241: Player 2 launched 344 (left 115) ships from planet 15 to planet 5
 243: Player 1 now owns planet 10
 244: Player 1 launched 136 (left 46) ships from planet 22 to planet 3
 244: Player 2 now owns planet 5
 245: Player 2 launched 306 (left 102) ships from planet 6 to planet 22
 254: Player 2 now owns planet 22
 255: Player 2 launched 302 (left 101) ships from planet 7 to planet 10
 258: Player 2 defended planet 3
 259: Player 1 launched 417 (left 140) ships from planet 18 to planet 6
 262: Player 1 now owns planet 6
 263: Player 1 launched 120 (left 40) ships from planet 18 to planet 20
 267: Player 2 now owns planet 10
 268: Player 2 launched 289 (left 97) ships from planet 14 to planet 18
 271: Player 2 defended planet 20
 272: Player 1 launched 63 (left 22) ships from planet 18 to planet 7
 279: Player 2 defended planet 7
 280: Player 1 launched 46 (left 16) ships from planet 18 to planet 17
 280: Player 2 now owns planet 18
 281: Player 2 launched 325 (left 109) ships from planet 23 to planet 1
 287: Player 2 now owns planet 1
 288: Player 2 launched 350 (left 117) ships from planet 19 to planet 6
 290: Player 2 defended planet 17
 291: Player 1 launched 651 (left 218) ships from planet 2 to planet 23
 295: Player 2 now owns planet 6
 296: Player 2 launched 288 (left 97) ships from planet 13 to planet 2
 305: Player 1 now owns planet 23
 306: Player 1 launched 219 (left 74) ships from planet 2 to planet 4
 319: Player 2 now owns planet 2
 319: Player 2 defended planet 4
 320: Player 1 launched 373 (left 125) ships from planet 23 to planet 9
 320: Player 2 launched 357 (left 119) ships from planet 22 to planet 23
 331: Player 1 now owns planet 9
 332: Player 1 launched 129 (left 44) ships from planet 23 to planet 12
 333: Player 2 now owns planet 23
 334: Player 2 launched 399 (left 134) ships from planet 18 to planet 9
 342: Player 2 now owns planet 9
 352: Player 2 defended planet 12
